<?xml version="1.0" encoding="UTF-8"?>
<!-- Generated by org.testng.reporters.JUnitXMLReporter -->
<testsuite ignored="1" hostname="SANTHOSH" failures="0" tests="1" name="GoogleText" time="8.401" errors="0" timestamp="18 Mar 2024 17:08:55 GMT">
  <testcase classname="TestNGMarchPractice.FirstTest" name="testGoogle" time="8.399"/>
  <testcase classname="TestNGMarchPractice.FirstTest" name="testFacebook" time="0.0">
    <ignored/>
  </testcase> <!-- testFacebook -->
</testsuite> <!-- GoogleText -->
