<?xml version="1.0" encoding="UTF-8"?>
<!-- Generated by org.testng.reporters.JUnitXMLReporter -->
<testsuite ignored="1" hostname="SANTHOSH" failures="0" tests="4" name="KareCloudsVerify" time="30.375" errors="0" timestamp="18 Mar 2024 17:08:46 GMT">
  <testcase classname="TestNGMarchPractice.KareClouds" name="LaunchApp" time="10.132"/>
  <testcase classname="TestNGMarchPractice.KareClouds" name="enterLoginDetails" time="17.318"/>
  <testcase classname="TestNGMarchPractice.KareClouds" name="navigateToFrontOffice" time="2.33"/>
  <testcase classname="TestNGMarchPractice.KareClouds" name="verifyMyFrontOfc" time="0.587"/>
  <testcase classname="TestNGMarchPractice.KareClouds" name="verifyLogin" time="0.0">
    <ignored/>
  </testcase> <!-- verifyLogin -->
</testsuite> <!-- KareCloudsVerify -->
