<?xml version="1.0" encoding="UTF-8"?>
<!-- Generated by org.testng.reporters.JUnitXMLReporter -->
<testsuite ignored="2" hostname="SANTHOSH" failures="0" tests="3" name="LanchApp" time="10.008" errors="0" timestamp="18 Mar 2024 16:47:16 GMT">
  <testcase classname="TestNGMarchPractice.KareClouds" name="LaunchApp" time="3.868"/>
  <testcase classname="TestNGMarchPractice.KareClouds" name="enterLoginDetails" time="5.918"/>
  <testcase classname="TestNGMarchPractice.KareClouds" name="verifyLogin" time="0.194"/>
  <testcase classname="TestNGMarchPractice.KareClouds" name="navigateToFrontOffice" time="0.0">
    <ignored/>
  </testcase> <!-- navigateToFrontOffice -->
  <testcase classname="TestNGMarchPractice.KareClouds" name="verifyMyFrontOfc" time="0.0">
    <ignored/>
  </testcase> <!-- verifyMyFrontOfc -->
</testsuite> <!-- LanchApp -->
