<?xml version="1.0" encoding="UTF-8"?>
<!-- Generated by org.testng.reporters.JUnitXMLReporter -->
<testsuite ignored="1" hostname="SANTHOSH" failures="0" tests="1" name="testFacebook" time="15.427" errors="0" timestamp="18 Mar 2024 17:09:10 GMT">
  <testcase classname="TestNGMarchPractice.FirstTest" name="testFacebook" time="15.425"/>
  <testcase classname="TestNGMarchPractice.FirstTest" name="testGoogle" time="0.0">
    <ignored/>
  </testcase> <!-- testGoogle -->
</testsuite> <!-- testFacebook -->
